1672240790982|0|commit|connection 0|url jdbc:p6spy:mysql://localhost:3306/rpg||
1672240860901|0|commit|connection 0|url jdbc:p6spy:mysql://localhost:3306/rpg||
1672240907962|0|commit|connection 0|url jdbc:p6spy:mysql://localhost:3306/rpg||
1672241314894|0|commit|connection 0|url jdbc:p6spy:mysql://localhost:3306/rpg||
1672241352821|0|commit|connection 0|url jdbc:p6spy:mysql://localhost:3306/rpg||
1672241370412|0|commit|connection 0|url jdbc:p6spy:mysql://localhost:3306/rpg||
1672241737249|0|commit|connection 0|url jdbc:p6spy:mysql://localhost:3306/rpg||
1672241821585|0|commit|connection 0|url jdbc:p6spy:mysql://localhost:3306/rpg||
1672241853648|0|commit|connection 0|url jdbc:p6spy:mysql://localhost:3306/rpg||
1672241913701|0|commit|connection 0|url jdbc:p6spy:mysql://localhost:3306/rpg||
1672320862368|0|commit|connection 0|url jdbc:p6spy:mysql://localhost:3306/rpg||
1672321044373|0|commit|connection 0|url jdbc:p6spy:mysql://localhost:3306/rpg||
1672321103350|0|commit|connection 0|url jdbc:p6spy:mysql://localhost:3306/||
1672321113224|0|commit|connection 0|url jdbc:p6spy:mysql://localhost:3306/movie||
1672321228186|0|commit|connection 0|url jdbc:p6spy:mysql://localhost:3306/movie||
1672321470780|0|commit|connection 0|url jdbc:p6spy:mysql://localhost:3306/movie||
1672321654489|0|commit|connection 0|url jdbc:p6spy:mysql://localhost:3306/movie||
1672321667223|0|commit|connection 0|url jdbc:p6spy:mysql://localhost:3306/movie||
1672321791529|0|commit|connection 0|url jdbc:p6spy:mysql://localhost:3306/movie||
1672321820246|0|commit|connection 0|url jdbc:p6spy:mysql://localhost:3306/movie||
1672321873911|0|commit|connection 0|url jdbc:p6spy:mysql://localhost:3306/movie||
1672321883612|0|commit|connection 0|url jdbc:p6spy:mysql://localhost:3306/movie||
1672321980974|0|commit|connection 0|url jdbc:p6spy:mysql://localhost:3306/movie||
1672322004961|0|commit|connection 0|url jdbc:p6spy:mysql://localhost:3306/movie||
1672322037653|0|commit|connection 0|url jdbc:p6spy:mysql://localhost:3306/movie||
1672322171693|0|commit|connection 0|url jdbc:p6spy:mysql://localhost:3306/movie||
1672322314305|0|commit|connection 0|url jdbc:p6spy:mysql://localhost:3306/movie||
1672322345829|0|commit|connection 0|url jdbc:p6spy:mysql://localhost:3306/movie||
1672322400785|0|commit|connection 0|url jdbc:p6spy:mysql://localhost:3306/movie||
1672322420101|0|commit|connection 0|url jdbc:p6spy:mysql://localhost:3306/movie||
1672322432051|0|commit|connection 0|url jdbc:p6spy:mysql://localhost:3306/movie||
1672322550528|0|commit|connection 0|url jdbc:p6spy:mysql://localhost:3306/movie||
1672323366659|0|commit|connection 0|url jdbc:p6spy:mysql://localhost:3306/movie||
1672323480395|0|commit|connection 0|url jdbc:p6spy:mysql://localhost:3306/movie||
1672323682884|0|commit|connection 0|url jdbc:p6spy:mysql://localhost:3306/movie||
1672323755520|0|commit|connection 0|url jdbc:p6spy:mysql://localhost:3306/movie||
1672323776591|0|commit|connection 0|url jdbc:p6spy:mysql://localhost:3306/movie||
1672323807935|0|commit|connection 0|url jdbc:p6spy:mysql://localhost:3306/movie||
1672323846455|0|commit|connection 0|url jdbc:p6spy:mysql://localhost:3306/movie||
1672323922300|0|commit|connection 0|url jdbc:p6spy:mysql://localhost:3306/movie||
1672324198924|0|commit|connection 0|url jdbc:p6spy:mysql://localhost:3306/movie||
1672324370059|0|commit|connection 0|url jdbc:p6spy:mysql://localhost:3306/movie||
1672324560075|0|commit|connection 0|url jdbc:p6spy:mysql://localhost:3306/movie||
1672324591163|0|commit|connection 0|url jdbc:p6spy:mysql://localhost:3306/movie||
1672324609856|0|commit|connection 0|url jdbc:p6spy:mysql://localhost:3306/movie||
1672324610077|24|statement|connection 0|url jdbc:p6spy:mysql://localhost:3306/movie|select film0_.film_id as film_id1_4_, film0_.language_id as languag10_4_, film0_.last_update as last_upd2_4_, film0_.length as length3_4_, film0_.original_language_id as origina11_4_, film0_.rating as rating4_4_, film0_.rental_duration as rental_d5_4_, film0_.rental_rate as rental_r6_4_, film0_.replacement_cost as replacem7_4_, film0_.special_features as special_8_4_, film0_.release_year as release_9_4_ from film film0_|select film0_.film_id as film_id1_4_, film0_.language_id as languag10_4_, film0_.last_update as last_upd2_4_, film0_.length as length3_4_, film0_.original_language_id as origina11_4_, film0_.rating as rating4_4_, film0_.rental_duration as rental_d5_4_, film0_.rental_rate as rental_r6_4_, film0_.replacement_cost as replacem7_4_, film0_.special_features as special_8_4_, film0_.release_year as release_9_4_ from film film0_
1672324690135|0|commit|connection 0|url jdbc:p6spy:mysql://localhost:3306/movie||
1672324690303|10|statement|connection 0|url jdbc:p6spy:mysql://localhost:3306/movie|select film0_.film_id as film_id1_4_, film0_.language_id as languag10_4_, film0_.last_update as last_upd2_4_, film0_.length as length3_4_, film0_.original_language_id as origina11_4_, film0_.rating as rating4_4_, film0_.rental_duration as rental_d5_4_, film0_.rental_rate as rental_r6_4_, film0_.replacement_cost as replacem7_4_, film0_.special_features as special_8_4_, film0_.release_year as release_9_4_ from film film0_|select film0_.film_id as film_id1_4_, film0_.language_id as languag10_4_, film0_.last_update as last_upd2_4_, film0_.length as length3_4_, film0_.original_language_id as origina11_4_, film0_.rating as rating4_4_, film0_.rental_duration as rental_d5_4_, film0_.rental_rate as rental_r6_4_, film0_.replacement_cost as replacem7_4_, film0_.special_features as special_8_4_, film0_.release_year as release_9_4_ from film film0_
1672324751048|0|commit|connection 0|url jdbc:p6spy:mysql://localhost:3306/movie||
1672324751217|9|statement|connection 0|url jdbc:p6spy:mysql://localhost:3306/movie|select film0_.film_id as film_id1_4_, film0_.language_id as languag10_4_, film0_.last_update as last_upd2_4_, film0_.length as length3_4_, film0_.original_language_id as origina11_4_, film0_.rating as rating4_4_, film0_.rental_duration as rental_d5_4_, film0_.rental_rate as rental_r6_4_, film0_.replacement_cost as replacem7_4_, film0_.special_features as special_8_4_, film0_.release_year as release_9_4_ from film film0_|select film0_.film_id as film_id1_4_, film0_.language_id as languag10_4_, film0_.last_update as last_upd2_4_, film0_.length as length3_4_, film0_.original_language_id as origina11_4_, film0_.rating as rating4_4_, film0_.rental_duration as rental_d5_4_, film0_.rental_rate as rental_r6_4_, film0_.replacement_cost as replacem7_4_, film0_.special_features as special_8_4_, film0_.release_year as release_9_4_ from film film0_
1672324760346|0|commit|connection 0|url jdbc:p6spy:mysql://localhost:3306/movie||
1672324760514|9|statement|connection 0|url jdbc:p6spy:mysql://localhost:3306/movie|select film0_.film_id as film_id1_4_, film0_.language_id as languag10_4_, film0_.last_update as last_upd2_4_, film0_.length as length3_4_, film0_.original_language_id as origina11_4_, film0_.rating as rating4_4_, film0_.rental_duration as rental_d5_4_, film0_.rental_rate as rental_r6_4_, film0_.replacement_cost as replacem7_4_, film0_.special_features as special_8_4_, film0_.release_year as release_9_4_ from film film0_|select film0_.film_id as film_id1_4_, film0_.language_id as languag10_4_, film0_.last_update as last_upd2_4_, film0_.length as length3_4_, film0_.original_language_id as origina11_4_, film0_.rating as rating4_4_, film0_.rental_duration as rental_d5_4_, film0_.rental_rate as rental_r6_4_, film0_.replacement_cost as replacem7_4_, film0_.special_features as special_8_4_, film0_.release_year as release_9_4_ from film film0_
1672324775019|0|commit|connection 0|url jdbc:p6spy:mysql://localhost:3306/movie||
1672324815389|0|commit|connection 0|url jdbc:p6spy:mysql://localhost:3306/movie||
1672324815555|10|statement|connection 0|url jdbc:p6spy:mysql://localhost:3306/movie|select film0_.film_id as film_id1_4_, film0_.language_id as languag10_4_, film0_.last_update as last_upd2_4_, film0_.length as length3_4_, film0_.original_language_id as origina11_4_, film0_.rating as rating4_4_, film0_.rental_duration as rental_d5_4_, film0_.rental_rate as rental_r6_4_, film0_.replacement_cost as replacem7_4_, film0_.special_features as special_8_4_, film0_.release_year as release_9_4_ from film film0_|select film0_.film_id as film_id1_4_, film0_.language_id as languag10_4_, film0_.last_update as last_upd2_4_, film0_.length as length3_4_, film0_.original_language_id as origina11_4_, film0_.rating as rating4_4_, film0_.rental_duration as rental_d5_4_, film0_.rental_rate as rental_r6_4_, film0_.replacement_cost as replacem7_4_, film0_.special_features as special_8_4_, film0_.release_year as release_9_4_ from film film0_
1672324976156|0|commit|connection 0|url jdbc:p6spy:mysql://localhost:3306/movie||
1672324976324|10|statement|connection 0|url jdbc:p6spy:mysql://localhost:3306/movie|select film0_.film_id as film_id1_4_, film0_.language_id as languag10_4_, film0_.last_update as last_upd2_4_, film0_.length as length3_4_, film0_.original_language_id as origina11_4_, film0_.rating as rating4_4_, film0_.rental_duration as rental_d5_4_, film0_.rental_rate as rental_r6_4_, film0_.replacement_cost as replacem7_4_, film0_.special_features as special_8_4_, film0_.release_year as release_9_4_ from film film0_|select film0_.film_id as film_id1_4_, film0_.language_id as languag10_4_, film0_.last_update as last_upd2_4_, film0_.length as length3_4_, film0_.original_language_id as origina11_4_, film0_.rating as rating4_4_, film0_.rental_duration as rental_d5_4_, film0_.rental_rate as rental_r6_4_, film0_.replacement_cost as replacem7_4_, film0_.special_features as special_8_4_, film0_.release_year as release_9_4_ from film film0_
1672325057900|0|commit|connection 0|url jdbc:p6spy:mysql://localhost:3306/movie||
1672325058067|10|statement|connection 0|url jdbc:p6spy:mysql://localhost:3306/movie|select film0_.film_id as film_id1_4_, film0_.language_id as languag10_4_, film0_.last_update as last_upd2_4_, film0_.length as length3_4_, film0_.original_language_id as origina11_4_, film0_.rating as rating4_4_, film0_.rental_duration as rental_d5_4_, film0_.rental_rate as rental_r6_4_, film0_.replacement_cost as replacem7_4_, film0_.special_features as special_8_4_, film0_.release_year as release_9_4_ from film film0_|select film0_.film_id as film_id1_4_, film0_.language_id as languag10_4_, film0_.last_update as last_upd2_4_, film0_.length as length3_4_, film0_.original_language_id as origina11_4_, film0_.rating as rating4_4_, film0_.rental_duration as rental_d5_4_, film0_.rental_rate as rental_r6_4_, film0_.replacement_cost as replacem7_4_, film0_.special_features as special_8_4_, film0_.release_year as release_9_4_ from film film0_
1672325193227|0|commit|connection 0|url jdbc:p6spy:mysql://localhost:3306/movie||
1672325193399|10|statement|connection 0|url jdbc:p6spy:mysql://localhost:3306/movie|select film0_.film_id as film_id1_6_, film0_.language_id as languag10_6_, film0_.last_update as last_upd2_6_, film0_.length as length3_6_, film0_.original_language_id as origina11_6_, film0_.rating as rating4_6_, film0_.rental_duration as rental_d5_6_, film0_.rental_rate as rental_r6_6_, film0_.replacement_cost as replacem7_6_, film0_.special_features as special_8_6_, film0_.release_year as release_9_6_ from film film0_|select film0_.film_id as film_id1_6_, film0_.language_id as languag10_6_, film0_.last_update as last_upd2_6_, film0_.length as length3_6_, film0_.original_language_id as origina11_6_, film0_.rating as rating4_6_, film0_.rental_duration as rental_d5_6_, film0_.rental_rate as rental_r6_6_, film0_.replacement_cost as replacem7_6_, film0_.special_features as special_8_6_, film0_.release_year as release_9_6_ from film film0_
1672325271604|0|commit|connection 0|url jdbc:p6spy:mysql://localhost:3306/movie||
1672325271784|12|statement|connection 0|url jdbc:p6spy:mysql://localhost:3306/movie|select film0_.film_id as film_id1_6_, film0_.language_id as languag10_6_, film0_.last_update as last_upd2_6_, film0_.length as length3_6_, film0_.original_language_id as origina11_6_, film0_.rating as rating4_6_, film0_.rental_duration as rental_d5_6_, film0_.rental_rate as rental_r6_6_, film0_.replacement_cost as replacem7_6_, film0_.special_features as special_8_6_, film0_.release_year as release_9_6_ from film film0_|select film0_.film_id as film_id1_6_, film0_.language_id as languag10_6_, film0_.last_update as last_upd2_6_, film0_.length as length3_6_, film0_.original_language_id as origina11_6_, film0_.rating as rating4_6_, film0_.rental_duration as rental_d5_6_, film0_.rental_rate as rental_r6_6_, film0_.replacement_cost as replacem7_6_, film0_.special_features as special_8_6_, film0_.release_year as release_9_6_ from film film0_
1672325582031|0|commit|connection 0|url jdbc:p6spy:mysql://localhost:3306/movie||
1672325582199|11|statement|connection 0|url jdbc:p6spy:mysql://localhost:3306/movie|select film0_.film_id as film_id1_6_, film0_.language_id as languag10_6_, film0_.last_update as last_upd2_6_, film0_.length as length3_6_, film0_.original_language_id as origina11_6_, film0_.rating as rating4_6_, film0_.rental_duration as rental_d5_6_, film0_.rental_rate as rental_r6_6_, film0_.replacement_cost as replacem7_6_, film0_.special_features as special_8_6_, film0_.release_year as release_9_6_ from film film0_|select film0_.film_id as film_id1_6_, film0_.language_id as languag10_6_, film0_.last_update as last_upd2_6_, film0_.length as length3_6_, film0_.original_language_id as origina11_6_, film0_.rating as rating4_6_, film0_.rental_duration as rental_d5_6_, film0_.rental_rate as rental_r6_6_, film0_.replacement_cost as replacem7_6_, film0_.special_features as special_8_6_, film0_.release_year as release_9_6_ from film film0_
1672326273468|0|commit|connection 0|url jdbc:p6spy:mysql://localhost:3306/movie||
1672326273719|15|statement|connection 0|url jdbc:p6spy:mysql://localhost:3306/movie|select film0_.film_id as film_id1_6_, film0_.language_id as languag10_6_, film0_.last_update as last_upd2_6_, film0_.length as length3_6_, film0_.original_language_id as origina11_6_, film0_.rating as rating4_6_, film0_.rental_duration as rental_d5_6_, film0_.rental_rate as rental_r6_6_, film0_.replacement_cost as replacem7_6_, film0_.special_features as special_8_6_, film0_.release_year as release_9_6_ from film film0_|select film0_.film_id as film_id1_6_, film0_.language_id as languag10_6_, film0_.last_update as last_upd2_6_, film0_.length as length3_6_, film0_.original_language_id as origina11_6_, film0_.rating as rating4_6_, film0_.rental_duration as rental_d5_6_, film0_.rental_rate as rental_r6_6_, film0_.replacement_cost as replacem7_6_, film0_.special_features as special_8_6_, film0_.release_year as release_9_6_ from film film0_
1672326292346|0|commit|connection 0|url jdbc:p6spy:mysql://localhost:3306/movie||
1672326304195|164|statement|connection 0|url jdbc:p6spy:mysql://localhost:3306/movie|select film0_.film_id as film_id1_6_, film0_.language_id as languag10_6_, film0_.last_update as last_upd2_6_, film0_.length as length3_6_, film0_.original_language_id as origina11_6_, film0_.rating as rating4_6_, film0_.rental_duration as rental_d5_6_, film0_.rental_rate as rental_r6_6_, film0_.replacement_cost as replacem7_6_, film0_.special_features as special_8_6_, film0_.release_year as release_9_6_ from film film0_|select film0_.film_id as film_id1_6_, film0_.language_id as languag10_6_, film0_.last_update as last_upd2_6_, film0_.length as length3_6_, film0_.original_language_id as origina11_6_, film0_.rating as rating4_6_, film0_.rental_duration as rental_d5_6_, film0_.rental_rate as rental_r6_6_, film0_.replacement_cost as replacem7_6_, film0_.special_features as special_8_6_, film0_.release_year as release_9_6_ from film film0_
1672326814119|0|commit|connection 0|url jdbc:p6spy:mysql://localhost:3306/movie||
1672326914404|0|commit|connection 0|url jdbc:p6spy:mysql://localhost:3306/movie||
1672326914631|24|statement|connection 0|url jdbc:p6spy:mysql://localhost:3306/movie|select filmtext1_.film_id as film_id1_7_, filmtext1_.description as descript2_7_, filmtext1_.title as title3_7_ from film film0_ inner join film_text filmtext1_ on film0_.film_id=filmtext1_.film_id|select filmtext1_.film_id as film_id1_7_, filmtext1_.description as descript2_7_, filmtext1_.title as title3_7_ from film film0_ inner join film_text filmtext1_ on film0_.film_id=filmtext1_.film_id
1672326947034|0|commit|connection 0|url jdbc:p6spy:mysql://localhost:3306/movie||
1672326947235|11|statement|connection 0|url jdbc:p6spy:mysql://localhost:3306/movie|select filmtext1_.film_id as film_id1_7_, filmtext1_.description as descript2_7_, filmtext1_.title as title3_7_ from film film0_ inner join film_text filmtext1_ on film0_.film_id=filmtext1_.film_id where id=1|select filmtext1_.film_id as film_id1_7_, filmtext1_.description as descript2_7_, filmtext1_.title as title3_7_ from film film0_ inner join film_text filmtext1_ on film0_.film_id=filmtext1_.film_id where id=1
1672326994764|0|commit|connection 0|url jdbc:p6spy:mysql://localhost:3306/movie||
1672327019195|0|commit|connection 0|url jdbc:p6spy:mysql://localhost:3306/movie||
1672327019401|3|statement|connection 0|url jdbc:p6spy:mysql://localhost:3306/movie|select filmtext1_.film_id as film_id1_7_, filmtext1_.description as descript2_7_, filmtext1_.title as title3_7_ from film film0_ inner join film_text filmtext1_ on film0_.film_id=filmtext1_.film_id where film0_.film_id=1|select filmtext1_.film_id as film_id1_7_, filmtext1_.description as descript2_7_, filmtext1_.title as title3_7_ from film film0_ inner join film_text filmtext1_ on film0_.film_id=filmtext1_.film_id where film0_.film_id=1
1672327671394|0|commit|connection 0|url jdbc:p6spy:mysql://localhost:3306/movie||
1672327710988|0|commit|connection 0|url jdbc:p6spy:mysql://localhost:3306/movie||
1672327711150|2|statement|connection 0|url jdbc:p6spy:mysql://localhost:3306/movie|select film0_.last_update as col_0_0_ from film film0_ where film0_.film_id=1|select film0_.last_update as col_0_0_ from film film0_ where film0_.film_id=1
